# JRE version: OpenJDK Runtime Environment Temurin-21.0.10+7 (21.0.10+7) (build 21.0.10+7-LTS)
# Java VM: OpenJDK 64-Bit Server VM Temurin-21.0.10+7 (21.0.10+7-LTS, mixed mode, sharing, tiered, compressed oops, compressed class ptrs, parallel gc, windows-amd64)
GC Precious Log:
 CardTable entry size: 512
 CPUs: 32 total, 32 available
 Memory: 32576M
 Large Page Support: Disabled
 NUMA Support: Disabled
 Compressed Oops: Enabled (32-bit)
 Alignments: Space 512K, Generation 512K, Heap 2M
 Heap Min Capacity: 100M
 Heap Initial Capacity: 100M
 Heap Max Capacity: 2G
 Pre-touch: Disabled
 Parallel Workers: 23
Heap:
 PSYoungGen      total 2560K, used 2290K [0x00000000d5580000, 0x00000000d5b00000, 0x0000000100000000)
  eden space 1536K, 82% used [0x00000000d5580000,0x00000000d56bc948,0x00000000d5700000)
  from space 1024K, 100% used [0x00000000d5700000,0x00000000d5800000,0x00000000d5800000)
  to   space 2048K, 0% used [0x00000000d5900000,0x00000000d5900000,0x00000000d5b00000)
 ParOldGen       total 622592K, used 622245K [0x0000000080000000, 0x00000000a6000000, 0x00000000d5580000)
  object space 622592K, 99% used [0x0000000080000000,0x00000000a5fa9560,0x00000000a6000000)
 Metaspace       used 82982K, committed 84736K, reserved 1179648K
  class space    used 8881K, committed 9664K, reserved 1048576K
GC Heap History (20 events):
Event: 709.463 GC heap before
{Heap before GC invocations=668 (full 3):
 PSYoungGen      total 2560K, used 2144K [0x00000000d5580000, 0x00000000d5900000, 0x0000000100000000)
  eden space 1536K, 100% used [0x00000000d5580000,0x00000000d5700000,0x00000000d5700000)
  from space 1024K, 59% used [0x00000000d5800000,0x00000000d5898000,0x00000000d5900000)
  to   space 1024K, 0% used [0x00000000d5700000,0x00000000d5700000,0x00000000d5800000)
 ParOldGen       total 611840K, used 611746K [0x0000000080000000, 0x00000000a5580000, 0x00000000d5580000)
  object space 611840K, 99% used [0x0000000080000000,0x00000000a5568bf0,0x00000000a5580000)
 Metaspace       used 82915K, committed 84608K, reserved 1179648K
  class space    used 8880K, committed 9600K, reserved 1048576K
}
Event: 709.464 GC heap after
{Heap after GC invocations=668 (full 3):
 PSYoungGen      total 2560K, used 592K [0x00000000d5580000, 0x00000000d5900000, 0x0000000100000000)
  eden space 1536K, 0% used [0x00000000d5580000,0x00000000d5580000,0x00000000d5700000)
  from space 1024K, 57% used [0x00000000d5700000,0x00000000d5794010,0x00000000d5800000)
  to   space 1024K, 0% used [0x00000000d5800000,0x00000000d5800000,0x00000000d5900000)
 ParOldGen       total 612352K, used 612002K [0x0000000080000000, 0x00000000a5600000, 0x00000000d5580000)
  object space 612352K, 99% used [0x0000000080000000,0x00000000a55a8bf0,0x00000000a5600000)
 Metaspace       used 82915K, committed 84608K, reserved 1179648K
  class space    used 8880K, committed 9600K, reserved 1048576K
}
Event: 709.466 GC heap before
{Heap before GC invocations=669 (full 3):
 PSYoungGen      total 2560K, used 2128K [0x00000000d5580000, 0x00000000d5900000, 0x0000000100000000)
  eden space 1536K, 100% used [0x00000000d5580000,0x00000000d5700000,0x00000000d5700000)
  from space 1024K, 57% used [0x00000000d5700000,0x00000000d5794010,0x00000000d5800000)
  to   space 1024K, 0% used [0x00000000d5800000,0x00000000d5800000,0x00000000d5900000)
 ParOldGen       total 612352K, used 612002K [0x0000000080000000, 0x00000000a5600000, 0x00000000d5580000)
  object space 612352K, 99% used [0x0000000080000000,0x00000000a55a8bf0,0x00000000a5600000)
 Metaspace       used 82923K, committed 84608K, reserved 1179648K
  class space    used 8880K, committed 9600K, reserved 1048576K
}
Event: 709.467 GC heap after
{Heap after GC invocations=669 (full 3):
 PSYoungGen      total 2560K, used 624K [0x00000000d5580000, 0x00000000d5900000, 0x0000000100000000)
  eden space 1536K, 0% used [0x00000000d5580000,0x00000000d5580000,0x00000000d5700000)
  from space 1024K, 60% used [0x00000000d5800000,0x00000000d589c010,0x00000000d5900000)
  to   space 1024K, 0% used [0x00000000d5700000,0x00000000d5700000,0x00000000d5800000)
 ParOldGen       total 612352K, used 612146K [0x0000000080000000, 0x00000000a5600000, 0x00000000d5580000)
  object space 612352K, 99% used [0x0000000080000000,0x00000000a55ccbf0,0x00000000a5600000)
 Metaspace       used 82923K, committed 84608K, reserved 1179648K
  class space    used 8880K, committed 9600K, reserved 1048576K
}
Event: 709.469 GC heap before
{Heap before GC invocations=670 (full 3):
 PSYoungGen      total 2560K, used 2160K [0x00000000d5580000, 0x00000000d5900000, 0x0000000100000000)
  eden space 1536K, 100% used [0x00000000d5580000,0x00000000d5700000,0x00000000d5700000)
  from space 1024K, 60% used [0x00000000d5800000,0x00000000d589c010,0x00000000d5900000)
  to   space 1024K, 0% used [0x00000000d5700000,0x00000000d5700000,0x00000000d5800000)
 ParOldGen       total 612352K, used 612146K [0x0000000080000000, 0x00000000a5600000, 0x00000000d5580000)
  object space 612352K, 99% used [0x0000000080000000,0x00000000a55ccbf0,0x00000000a5600000)
 Metaspace       used 82926K, committed 84608K, reserved 1179648K
  class space    used 8880K, committed 9600K, reserved 1048576K
}
Event: 709.470 GC heap after
{Heap after GC invocations=670 (full 3):
 PSYoungGen      total 2560K, used 608K [0x00000000d5580000, 0x00000000d5900000, 0x0000000100000000)
  eden space 1536K, 0% used [0x00000000d5580000,0x00000000d5580000,0x00000000d5700000)
  from space 1024K, 59% used [0x00000000d5700000,0x00000000d5798000,0x00000000d5800000)
  to   space 1024K, 0% used [0x00000000d5800000,0x00000000d5800000,0x00000000d5900000)
 ParOldGen       total 612352K, used 612250K [0x0000000080000000, 0x00000000a5600000, 0x00000000d5580000)
  object space 612352K, 99% used [0x0000000080000000,0x00000000a55e6bf0,0x00000000a5600000)
 Metaspace       used 82926K, committed 84608K, reserved 1179648K
  class space    used 8880K, committed 9600K, reserved 1048576K
}
Event: 709.527 GC heap before
{Heap before GC invocations=671 (full 3):
 PSYoungGen      total 2560K, used 2144K [0x00000000d5580000, 0x00000000d5900000, 0x0000000100000000)
  eden space 1536K, 100% used [0x00000000d5580000,0x00000000d5700000,0x00000000d5700000)
  from space 1024K, 59% used [0x00000000d5700000,0x00000000d5798000,0x00000000d5800000)
  to   space 1024K, 0% used [0x00000000d5800000,0x00000000d5800000,0x00000000d5900000)
 ParOldGen       total 612352K, used 612250K [0x0000000080000000, 0x00000000a5600000, 0x00000000d5580000)
  object space 612352K, 99% used [0x0000000080000000,0x00000000a55e6bf0,0x00000000a5600000)
 Metaspace       used 82933K, committed 84608K, reserved 1179648K
  class space    used 8880K, committed 9600K, reserved 1048576K
}
Event: 709.528 GC heap after
{Heap after GC invocations=671 (full 3):
 PSYoungGen      total 2560K, used 672K [0x00000000d5580000, 0x00000000d5900000, 0x0000000100000000)
  eden space 1536K, 0% used [0x00000000d5580000,0x00000000d5580000,0x00000000d5700000)
  from space 1024K, 65% used [0x00000000d5800000,0x00000000d58a8000,0x00000000d5900000)
  to   space 1024K, 0% used [0x00000000d5700000,0x00000000d5700000,0x00000000d5800000)
 ParOldGen       total 612352K, used 612322K [0x0000000080000000, 0x00000000a5600000, 0x00000000d5580000)
  object space 612352K, 99% used [0x0000000080000000,0x00000000a55f8bf0,0x00000000a5600000)
 Metaspace       used 82933K, committed 84608K, reserved 1179648K
  class space    used 8880K, committed 9600K, reserved 1048576K
}
Event: 709.531 GC heap before
{Heap before GC invocations=672 (full 3):
 PSYoungGen      total 2560K, used 2208K [0x00000000d5580000, 0x00000000d5900000, 0x0000000100000000)
  eden space 1536K, 100% used [0x00000000d5580000,0x00000000d5700000,0x00000000d5700000)
  from space 1024K, 65% used [0x00000000d5800000,0x00000000d58a8000,0x00000000d5900000)
  to   space 1024K, 0% used [0x00000000d5700000,0x00000000d5700000,0x00000000d5800000)
 ParOldGen       total 612352K, used 612322K [0x0000000080000000, 0x00000000a5600000, 0x00000000d5580000)
  object space 612352K, 99% used [0x0000000080000000,0x00000000a55f8bf0,0x00000000a5600000)
 Metaspace       used 82959K, committed 84608K, reserved 1179648K
  class space    used 8880K, committed 9600K, reserved 1048576K
}
Event: 709.531 GC heap after
{Heap after GC invocations=672 (full 3):
 PSYoungGen      total 2560K, used 704K [0x00000000d5580000, 0x00000000d5900000, 0x0000000100000000)
  eden space 1536K, 0% used [0x00000000d5580000,0x00000000d5580000,0x00000000d5700000)
  from space 1024K, 68% used [0x00000000d5700000,0x00000000d57b0000,0x00000000d5800000)
  to   space 1024K, 0% used [0x00000000d5800000,0x00000000d5800000,0x00000000d5900000)
 ParOldGen       total 612864K, used 612434K [0x0000000080000000, 0x00000000a5680000, 0x00000000d5580000)
  object space 612864K, 99% used [0x0000000080000000,0x00000000a5614bf0,0x00000000a5680000)
 Metaspace       used 82959K, committed 84608K, reserved 1179648K
  class space    used 8880K, committed 9600K, reserved 1048576K
}
Event: 711.191 GC heap before
{Heap before GC invocations=673 (full 3):
 PSYoungGen      total 2560K, used 2240K [0x00000000d5580000, 0x00000000d5900000, 0x0000000100000000)
  eden space 1536K, 100% used [0x00000000d5580000,0x00000000d5700000,0x00000000d5700000)
  from space 1024K, 68% used [0x00000000d5700000,0x00000000d57b0000,0x00000000d5800000)
  to   space 1024K, 0% used [0x00000000d5800000,0x00000000d5800000,0x00000000d5900000)
 ParOldGen       total 612864K, used 612434K [0x0000000080000000, 0x00000000a5680000, 0x00000000d5580000)
  object space 612864K, 99% used [0x0000000080000000,0x00000000a5614bf0,0x00000000a5680000)
 Metaspace       used 82977K, committed 84736K, reserved 1179648K
  class space    used 8881K, committed 9664K, reserved 1048576K
}
Event: 711.191 GC heap after
{Heap after GC invocations=673 (full 3):
 PSYoungGen      total 2560K, used 576K [0x00000000d5580000, 0x00000000d5900000, 0x0000000100000000)
  eden space 1536K, 0% used [0x00000000d5580000,0x00000000d5580000,0x00000000d5700000)
  from space 1024K, 56% used [0x00000000d5800000,0x00000000d5890000,0x00000000d5900000)
  to   space 1024K, 0% used [0x00000000d5700000,0x00000000d5700000,0x00000000d5800000)
 ParOldGen       total 612864K, used 612450K [0x0000000080000000, 0x00000000a5680000, 0x00000000d5580000)
  object space 612864K, 99% used [0x0000000080000000,0x00000000a5618bf0,0x00000000a5680000)
 Metaspace       used 82977K, committed 84736K, reserved 1179648K
  class space    used 8881K, committed 9664K, reserved 1048576K
}
Event: 711.195 GC heap before
{Heap before GC invocations=674 (full 3):
 PSYoungGen      total 2560K, used 2111K [0x00000000d5580000, 0x00000000d5900000, 0x0000000100000000)
  eden space 1536K, 99% used [0x00000000d5580000,0x00000000d56ffff0,0x00000000d5700000)
  from space 1024K, 56% used [0x00000000d5800000,0x00000000d5890000,0x00000000d5900000)
  to   space 1024K, 0% used [0x00000000d5700000,0x00000000d5700000,0x00000000d5800000)
 ParOldGen       total 612864K, used 612450K [0x0000000080000000, 0x00000000a5680000, 0x00000000d5580000)
  object space 612864K, 99% used [0x0000000080000000,0x00000000a5618bf0,0x00000000a5680000)
 Metaspace       used 82979K, committed 84736K, reserved 1179648K
  class space    used 8881K, committed 9664K, reserved 1048576K
}
Event: 711.197 GC heap after
{Heap after GC invocations=674 (full 3):
 PSYoungGen      total 2560K, used 1001K [0x00000000d5580000, 0x00000000d5a00000, 0x0000000100000000)
  eden space 1536K, 0% used [0x00000000d5580000,0x00000000d5580000,0x00000000d5700000)
  from space 1024K, 97% used [0x00000000d5700000,0x00000000d57fa710,0x00000000d5800000)
  to   space 1536K, 0% used [0x00000000d5880000,0x00000000d5880000,0x00000000d5a00000)
 ParOldGen       total 612864K, used 612730K [0x0000000080000000, 0x00000000a5680000, 0x00000000d5580000)
  object space 612864K, 99% used [0x0000000080000000,0x00000000a565ebf0,0x00000000a5680000)
 Metaspace       used 82979K, committed 84736K, reserved 1179648K
  class space    used 8881K, committed 9664K, reserved 1048576K
}
Event: 711.199 GC heap before
{Heap before GC invocations=675 (full 3):
 PSYoungGen      total 2560K, used 2537K [0x00000000d5580000, 0x00000000d5a00000, 0x0000000100000000)
  eden space 1536K, 100% used [0x00000000d5580000,0x00000000d5700000,0x00000000d5700000)
  from space 1024K, 97% used [0x00000000d5700000,0x00000000d57fa710,0x00000000d5800000)
  to   space 1536K, 0% used [0x00000000d5880000,0x00000000d5880000,0x00000000d5a00000)
 ParOldGen       total 612864K, used 612730K [0x0000000080000000, 0x00000000a5680000, 0x00000000d5580000)
  object space 612864K, 99% used [0x0000000080000000,0x00000000a565ebf0,0x00000000a5680000)
 Metaspace       used 82979K, committed 84736K, reserved 1179648K
  class space    used 8881K, committed 9664K, reserved 1048576K
}
Event: 711.201 GC heap after
{Heap after GC invocations=675 (full 3):
 PSYoungGen      total 2048K, used 1536K [0x00000000d5580000, 0x00000000d5d80000, 0x0000000100000000)
  eden space 512K, 0% used [0x00000000d5580000,0x00000000d5580000,0x00000000d5600000)
  from space 1536K, 100% used [0x00000000d5880000,0x00000000d5a00000,0x00000000d5a00000)
  to   space 2560K, 0% used [0x00000000d5600000,0x00000000d5600000,0x00000000d5880000)
 ParOldGen       total 613888K, used 613780K [0x0000000080000000, 0x00000000a5780000, 0x00000000d5580000)
  object space 613888K, 99% used [0x0000000080000000,0x00000000a5765310,0x00000000a5780000)
 Metaspace       used 82979K, committed 84736K, reserved 1179648K
  class space    used 8881K, committed 9664K, reserved 1048576K
}
Event: 711.202 GC heap before
{Heap before GC invocations=676 (full 3):
 PSYoungGen      total 2048K, used 2047K [0x00000000d5580000, 0x00000000d5d80000, 0x0000000100000000)
  eden space 512K, 99% used [0x00000000d5580000,0x00000000d55fff80,0x00000000d5600000)
  from space 1536K, 100% used [0x00000000d5880000,0x00000000d5a00000,0x00000000d5a00000)
  to   space 2560K, 0% used [0x00000000d5600000,0x00000000d5600000,0x00000000d5880000)
 ParOldGen       total 613888K, used 613780K [0x0000000080000000, 0x00000000a5780000, 0x00000000d5580000)
  object space 613888K, 99% used [0x0000000080000000,0x00000000a5765310,0x00000000a5780000)
 Metaspace       used 82979K, committed 84736K, reserved 1179648K
  class space    used 8881K, committed 9664K, reserved 1048576K
}
Event: 711.204 GC heap after
{Heap after GC invocations=676 (full 3):
 PSYoungGen      total 1536K, used 672K [0x00000000d5580000, 0x00000000d5980000, 0x0000000100000000)
  eden space 512K, 0% used [0x00000000d5580000,0x00000000d5580000,0x00000000d5600000)
  from space 1024K, 65% used [0x00000000d5600000,0x00000000d56a8000,0x00000000d5700000)
  to   space 1536K, 0% used [0x00000000d5800000,0x00000000d5800000,0x00000000d5980000)
 ParOldGen       total 615424K, used 615276K [0x0000000080000000, 0x00000000a5900000, 0x00000000d5580000)
  object space 615424K, 99% used [0x0000000080000000,0x00000000a58db310,0x00000000a5900000)
 Metaspace       used 82979K, committed 84736K, reserved 1179648K
  class space    used 8881K, committed 9664K, reserved 1048576K
}
Event: 711.205 GC heap before
{Heap before GC invocations=677 (full 3):
 PSYoungGen      total 1536K, used 1184K [0x00000000d5580000, 0x00000000d5980000, 0x0000000100000000)
  eden space 512K, 100% used [0x00000000d5580000,0x00000000d5600000,0x00000000d5600000)
  from space 1024K, 65% used [0x00000000d5600000,0x00000000d56a8000,0x00000000d5700000)
  to   space 1536K, 0% used [0x00000000d5800000,0x00000000d5800000,0x00000000d5980000)
 ParOldGen       total 615424K, used 615276K [0x0000000080000000, 0x00000000a5900000, 0x00000000d5580000)
  object space 615424K, 99% used [0x0000000080000000,0x00000000a58db310,0x00000000a5900000)
 Metaspace       used 82979K, committed 84736K, reserved 1179648K
  class space    used 8881K, committed 9664K, reserved 1048576K
}
Event: 711.206 GC heap after
{Heap after GC invocations=677 (full 3):
 PSYoungGen      total 2048K, used 736K [0x00000000d5580000, 0x00000000d5900000, 0x0000000100000000)
  eden space 1024K, 0% used [0x00000000d5580000,0x00000000d5580000,0x00000000d5680000)
  from space 1024K, 71% used [0x00000000d5800000,0x00000000d58b8000,0x00000000d5900000)
  to   space 1024K, 0% used [0x00000000d5700000,0x00000000d5700000,0x00000000d5800000)
 ParOldGen       total 615936K, used 615820K [0x0000000080000000, 0x00000000a5980000, 0x00000000d5580000)
  object space 615936K, 99% used [0x0000000080000000,0x00000000a5963310,0x00000000a5980000)
 Metaspace       used 82979K, committed 84736K, reserved 1179648K
  class space    used 8881K, committed 9664K, reserved 1048576K
}

